<?xml version="1.0" encoding="UTF-8"?>
<!-- Generated by org.testng.reporters.JUnitReportReporter -->
<testsuite hostname="Laxmipriya" name="com.test.ClassTest" tests="1" failures="0" timestamp="19 Apr 2019 17:42:20 GMT" time="79.132" errors="0">
  <testcase name="StartBrowser" time="79.132" classname="com.test.ClassTest"/>
</testsuite> <!-- com.test.ClassTest -->
